[INFO] Scanning for projects...
[INFO] 
[INFO] -------------------< cs.msu.edu:csci-468-spring2022 >-------------------
[INFO] Building csci-468-spring2022 1.0-SNAPSHOT
[INFO] --------------------------------[ jar ]---------------------------------
[INFO] 
[INFO] --- maven-resources-plugin:2.6:resources (default-resources) @ csci-468-spring2022 ---
[WARNING] Using platform encoding (UTF-8 actually) to copy filtered resources, i.e. build is platform dependent!
[INFO] Copying 5 resources
[INFO] 
[INFO] --- maven-compiler-plugin:3.1:compile (default-compile) @ csci-468-spring2022 ---
[INFO] Nothing to compile - all classes are up to date
[INFO] 
[INFO] --- maven-resources-plugin:2.6:testResources (default-testResources) @ csci-468-spring2022 ---
[WARNING] Using platform encoding (UTF-8 actually) to copy filtered resources, i.e. build is platform dependent!
[INFO] skip non existing resourceDirectory /Users/carson/Projects/msu/csci-468-spring2023/grading/scripts/repos/samuel_ertischek/src/test/resources
[INFO] 
[INFO] --- maven-compiler-plugin:3.1:testCompile (default-testCompile) @ csci-468-spring2022 ---
[INFO] Nothing to compile - all classes are up to date
[INFO] 
[INFO] --- maven-surefire-plugin:2.22.1:test (default-test) @ csci-468-spring2022 ---
[INFO] 
[INFO] -------------------------------------------------------
[INFO]  T E S T S
[INFO] -------------------------------------------------------
[INFO] Running edu.montana.csci.csci468.bytecode.CatscriptStatementExecutionTest
[ERROR] Tests run: 9, Failures: 0, Errors: 9, Skipped: 0, Time elapsed: 0.035 s <<< FAILURE! - in edu.montana.csci.csci468.bytecode.CatscriptStatementExecutionTest
[ERROR] recursiveFunctionWorksProperly  Time elapsed: 0.016 s  <<< ERROR!
java.lang.NullPointerException: Cannot assign field "parent" because "element" is null
	at edu.montana.csci.csci468.bytecode.CatscriptStatementExecutionTest.recursiveFunctionWorksProperly(CatscriptStatementExecutionTest.java:72)

[ERROR] localVarStatementsWorkProperly  Time elapsed: 0.011 s  <<< ERROR!
java.lang.UnsupportedOperationException: compile needs to be implemented for edu.montana.csci.csci468.parser.statements.ForStatement
	at edu.montana.csci.csci468.bytecode.CatscriptStatementExecutionTest.localVarStatementsWorkProperly(CatscriptStatementExecutionTest.java:40)

[ERROR] varStatementWorksProperly  Time elapsed: 0.001 s  <<< ERROR!
java.lang.UnsupportedOperationException: compile needs to be implemented for edu.montana.csci.csci468.parser.statements.VariableStatement
	at edu.montana.csci.csci468.bytecode.CatscriptStatementExecutionTest.varStatementWorksProperly(CatscriptStatementExecutionTest.java:29)

[ERROR] functionDeclarationWorksProperly  Time elapsed: 0 s  <<< ERROR!
java.lang.NullPointerException: Cannot assign field "parent" because "element" is null
	at edu.montana.csci.csci468.bytecode.CatscriptStatementExecutionTest.functionDeclarationWorksProperly(CatscriptStatementExecutionTest.java:63)

[ERROR] returnStatementWorks  Time elapsed: 0.001 s  <<< ERROR!
edu.montana.csci.csci468.parser.ParseErrorException: 
Parse Errors Occurred:

Line 3:print(foo(9))
                   ^

Error: Unexpected Token


	at edu.montana.csci.csci468.bytecode.CatscriptStatementExecutionTest.returnStatementWorks(CatscriptStatementExecutionTest.java:85)

[ERROR] varInsideFunctionWorksProperly  Time elapsed: 0 s  <<< ERROR!
java.lang.ArrayIndexOutOfBoundsException: Index 5 out of bounds for length 5
	at edu.montana.csci.csci468.bytecode.CatscriptStatementExecutionTest.varInsideFunctionWorksProperly(CatscriptStatementExecutionTest.java:48)

[ERROR] ifStatementWorksProperly  Time elapsed: 0 s  <<< ERROR!
java.lang.UnsupportedOperationException: compile needs to be implemented for edu.montana.csci.csci468.parser.statements.IfStatement
	at edu.montana.csci.csci468.bytecode.CatscriptStatementExecutionTest.ifStatementWorksProperly(CatscriptStatementExecutionTest.java:21)

[ERROR] forStatementWorksProperly  Time elapsed: 0.001 s  <<< ERROR!
java.lang.UnsupportedOperationException: compile needs to be implemented for edu.montana.csci.csci468.parser.statements.ForStatement
	at edu.montana.csci.csci468.bytecode.CatscriptStatementExecutionTest.forStatementWorksProperly(CatscriptStatementExecutionTest.java:58)

[ERROR] printStatementWorksProperly  Time elapsed: 0 s  <<< ERROR!
java.lang.UnsupportedOperationException: compile needs to be implemented for edu.montana.csci.csci468.parser.statements.PrintStatement
	at edu.montana.csci.csci468.bytecode.CatscriptStatementExecutionTest.printStatementWorksProperly(CatscriptStatementExecutionTest.java:12)

[INFO] Running edu.montana.csci.csci468.bytecode.CatscriptBasicExpressionCompileTest
 JVM Bytecode ===================================

// class version 49.0 (49)
// access flags 0x1
public class edu/montana/csci/csci466/bytecode/CatScriptProgram6 extends edu/montana/csci/csci468/parser/statements/CatScriptProgram {


  // access flags 0x1
  public <init>()V
    ALOAD 0
    INVOKESPECIAL edu/montana/csci/csci468/parser/statements/CatScriptProgram.<init> ()V
    RETURN
    MAXSTACK = 1
    MAXLOCALS = 1

  // access flags 0x1
  public execute()V
    ALOAD 0
    LDC 1
    INVOKESTATIC java/lang/Integer.valueOf (I)Ljava/lang/Integer;
    INVOKESTATIC java/lang/String.valueOf (Ljava/lang/Object;)Ljava/lang/String;
    LDC "a"
    INVOKEVIRTUAL java/lang/String.concat (Ljava/lang/String;)Ljava/lang/String;
    INVOKEVIRTUAL edu/montana/csci/csci468/parser/statements/CatScriptProgram.print (Ljava/lang/Object;)V
    RETURN
    MAXSTACK = 3
    MAXLOCALS = 1
}


 ================================================
 JVM Bytecode ===================================

// class version 49.0 (49)
// access flags 0x1
public class edu/montana/csci/csci466/bytecode/CatScriptProgram7 extends edu/montana/csci/csci468/parser/statements/CatScriptProgram {


  // access flags 0x1
  public <init>()V
    ALOAD 0
    INVOKESPECIAL edu/montana/csci/csci468/parser/statements/CatScriptProgram.<init> ()V
    RETURN
    MAXSTACK = 1
    MAXLOCALS = 1

  // access flags 0x1
  public execute()V
    ALOAD 0
    LDC "a"
    LDC 1
    INVOKESTATIC java/lang/Integer.valueOf (I)Ljava/lang/Integer;
    INVOKESTATIC java/lang/String.valueOf (Ljava/lang/Object;)Ljava/lang/String;
    INVOKEVIRTUAL java/lang/String.concat (Ljava/lang/String;)Ljava/lang/String;
    INVOKEVIRTUAL edu/montana/csci/csci468/parser/statements/CatScriptProgram.print (Ljava/lang/Object;)V
    RETURN
    MAXSTACK = 3
    MAXLOCALS = 1
}


 ================================================
 JVM Bytecode ===================================

// class version 49.0 (49)
// access flags 0x1
public class edu/montana/csci/csci466/bytecode/CatScriptProgram8 extends edu/montana/csci/csci468/parser/statements/CatScriptProgram {


  // access flags 0x1
  public <init>()V
    ALOAD 0
    INVOKESPECIAL edu/montana/csci/csci468/parser/statements/CatScriptProgram.<init> ()V
    RETURN
    MAXSTACK = 1
    MAXLOCALS = 1

  // access flags 0x1
  public execute()V
    ALOAD 0
    ACONST_NULL
    INVOKESTATIC java/lang/String.valueOf (Ljava/lang/Object;)Ljava/lang/String;
    LDC "a"
    INVOKEVIRTUAL java/lang/String.concat (Ljava/lang/String;)Ljava/lang/String;
    INVOKEVIRTUAL edu/montana/csci/csci468/parser/statements/CatScriptProgram.print (Ljava/lang/Object;)V
    RETURN
    MAXSTACK = 3
    MAXLOCALS = 1
}


 ================================================
 JVM Bytecode ===================================

// class version 49.0 (49)
// access flags 0x1
public class edu/montana/csci/csci466/bytecode/CatScriptProgram9 extends edu/montana/csci/csci468/parser/statements/CatScriptProgram {


  // access flags 0x1
  public <init>()V
    ALOAD 0
    INVOKESPECIAL edu/montana/csci/csci468/parser/statements/CatScriptProgram.<init> ()V
    RETURN
    MAXSTACK = 1
    MAXLOCALS = 1

  // access flags 0x1
  public execute()V
    ALOAD 0
    LDC "a"
    ACONST_NULL
    INVOKESTATIC java/lang/String.valueOf (Ljava/lang/Object;)Ljava/lang/String;
    INVOKEVIRTUAL java/lang/String.concat (Ljava/lang/String;)Ljava/lang/String;
    INVOKEVIRTUAL edu/montana/csci/csci468/parser/statements/CatScriptProgram.print (Ljava/lang/Object;)V
    RETURN
    MAXSTACK = 3
    MAXLOCALS = 1
}


 ================================================
 JVM Bytecode ===================================

// class version 49.0 (49)
// access flags 0x1
public class edu/montana/csci/csci466/bytecode/CatScriptProgram10 extends edu/montana/csci/csci468/parser/statements/CatScriptProgram {


  // access flags 0x1
  public <init>()V
    ALOAD 0
    INVOKESPECIAL edu/montana/csci/csci468/parser/statements/CatScriptProgram.<init> ()V
    RETURN
    MAXSTACK = 1
    MAXLOCALS = 1

  // access flags 0x1
  public execute()V
    ALOAD 0
    LDC 1
    INVOKESTATIC java/lang/Integer.valueOf (I)Ljava/lang/Integer;
    INVOKEVIRTUAL edu/montana/csci/csci468/parser/statements/CatScriptProgram.print (Ljava/lang/Object;)V
    RETURN
    MAXSTACK = 2
    MAXLOCALS = 1
}


 ================================================
 JVM Bytecode ===================================

// class version 49.0 (49)
// access flags 0x1
public class edu/montana/csci/csci466/bytecode/CatScriptProgram11 extends edu/montana/csci/csci468/parser/statements/CatScriptProgram {


  // access flags 0x1
  public <init>()V
    ALOAD 0
    INVOKESPECIAL edu/montana/csci/csci468/parser/statements/CatScriptProgram.<init> ()V
    RETURN
    MAXSTACK = 1
    MAXLOCALS = 1

  // access flags 0x1
  public execute()V
    ALOAD 0
    LDC 1
    INVOKESTATIC java/lang/Boolean.valueOf (Z)Ljava/lang/Boolean;
    INVOKEVIRTUAL edu/montana/csci/csci468/parser/statements/CatScriptProgram.print (Ljava/lang/Object;)V
    RETURN
    MAXSTACK = 2
    MAXLOCALS = 1
}


 ================================================
 JVM Bytecode ===================================

// class version 49.0 (49)
// access flags 0x1
public class edu/montana/csci/csci466/bytecode/CatScriptProgram12 extends edu/montana/csci/csci468/parser/statements/CatScriptProgram {


  // access flags 0x1
  public <init>()V
    ALOAD 0
    INVOKESPECIAL edu/montana/csci/csci468/parser/statements/CatScriptProgram.<init> ()V
    RETURN
    MAXSTACK = 1
    MAXLOCALS = 1

  // access flags 0x1
  public execute()V
    ALOAD 0
    ACONST_NULL
    INVOKEVIRTUAL edu/montana/csci/csci468/parser/statements/CatScriptProgram.print (Ljava/lang/Object;)V
    RETURN
    MAXSTACK = 2
    MAXLOCALS = 1
}


 ================================================
 JVM Bytecode ===================================

// class version 49.0 (49)
// access flags 0x1
public class edu/montana/csci/csci466/bytecode/CatScriptProgram13 extends edu/montana/csci/csci468/parser/statements/CatScriptProgram {


  // access flags 0x1
  public <init>()V
    ALOAD 0
    INVOKESPECIAL edu/montana/csci/csci468/parser/statements/CatScriptProgram.<init> ()V
    RETURN
    MAXSTACK = 1
    MAXLOCALS = 1

  // access flags 0x1
  public execute()V
    ALOAD 0
    LDC "asdf"
    INVOKEVIRTUAL edu/montana/csci/csci468/parser/statements/CatScriptProgram.print (Ljava/lang/Object;)V
    RETURN
    MAXSTACK = 2
    MAXLOCALS = 1
}


 ================================================
 JVM Bytecode ===================================

// class version 49.0 (49)
// access flags 0x1
public class edu/montana/csci/csci466/bytecode/CatScriptProgram14 extends edu/montana/csci/csci468/parser/statements/CatScriptProgram {


  // access flags 0x1
  public <init>()V
    ALOAD 0
    INVOKESPECIAL edu/montana/csci/csci468/parser/statements/CatScriptProgram.<init> ()V
    RETURN
    MAXSTACK = 1
    MAXLOCALS = 1

  // access flags 0x1
  public execute()V
    ALOAD 0
    NEW java/util/LinkedList
    DUP
    INVOKESPECIAL java/util/LinkedList.<init> ()V
    DUP
    LDC 1
    INVOKESTATIC java/lang/Integer.valueOf (I)Ljava/lang/Integer;
    INVOKEVIRTUAL java/util/LinkedList.add (Ljava/lang/Object;)Z
    POP
    DUP
    LDC 2
    INVOKESTATIC java/lang/Integer.valueOf (I)Ljava/lang/Integer;
    INVOKEVIRTUAL java/util/LinkedList.add (Ljava/lang/Object;)Z
    POP
    DUP
    LDC 3
    INVOKESTATIC java/lang/Integer.valueOf (I)Ljava/lang/Integer;
    INVOKEVIRTUAL java/util/LinkedList.add (Ljava/lang/Object;)Z
    POP
    INVOKEVIRTUAL edu/montana/csci/csci468/parser/statements/CatScriptProgram.print (Ljava/lang/Object;)V
    RETURN
    MAXSTACK = 4
    MAXLOCALS = 1
}


 ================================================
 JVM Bytecode ===================================

// class version 49.0 (49)
// access flags 0x1
public class edu/montana/csci/csci466/bytecode/CatScriptProgram16 extends edu/montana/csci/csci468/parser/statements/CatScriptProgram {


  // access flags 0x1
  public <init>()V
    ALOAD 0
    INVOKESPECIAL edu/montana/csci/csci468/parser/statements/CatScriptProgram.<init> ()V
    RETURN
    MAXSTACK = 1
    MAXLOCALS = 1

  // access flags 0x1
  public execute()V
    ALOAD 0
    LDC 1
    LDC 1
    IADD
    INVOKESTATIC java/lang/Integer.valueOf (I)Ljava/lang/Integer;
    INVOKEVIRTUAL edu/montana/csci/csci468/parser/statements/CatScriptProgram.print (Ljava/lang/Object;)V
    RETURN
    MAXSTACK = 3
    MAXLOCALS = 1
}


 ================================================
 JVM Bytecode ===================================

// class version 49.0 (49)
// access flags 0x1
public class edu/montana/csci/csci466/bytecode/CatScriptProgram17 extends edu/montana/csci/csci468/parser/statements/CatScriptProgram {


  // access flags 0x1
  public <init>()V
    ALOAD 0
    INVOKESPECIAL edu/montana/csci/csci468/parser/statements/CatScriptProgram.<init> ()V
    RETURN
    MAXSTACK = 1
    MAXLOCALS = 1

  // access flags 0x1
  public execute()V
    ALOAD 0
    LDC 1
    LDC 1
    ISUB
    INVOKESTATIC java/lang/Integer.valueOf (I)Ljava/lang/Integer;
    INVOKEVIRTUAL edu/montana/csci/csci468/parser/statements/CatScriptProgram.print (Ljava/lang/Object;)V
    RETURN
    MAXSTACK = 3
    MAXLOCALS = 1
}


 ================================================
 JVM Bytecode ===================================

// class version 49.0 (49)
// access flags 0x1
public class edu/montana/csci/csci466/bytecode/CatScriptProgram18 extends edu/montana/csci/csci468/parser/statements/CatScriptProgram {


  // access flags 0x1
  public <init>()V
    ALOAD 0
    INVOKESPECIAL edu/montana/csci/csci468/parser/statements/CatScriptProgram.<init> ()V
    RETURN
    MAXSTACK = 1
    MAXLOCALS = 1

  // access flags 0x1
  public execute()V
    ALOAD 0
    LDC 1
    LDC 2
    ISUB
    LDC 1
    ISUB
    INVOKESTATIC java/lang/Integer.valueOf (I)Ljava/lang/Integer;
    INVOKEVIRTUAL edu/montana/csci/csci468/parser/statements/CatScriptProgram.print (Ljava/lang/Object;)V
    RETURN
    MAXSTACK = 3
    MAXLOCALS = 1
}


 ================================================
 JVM Bytecode ===================================

// class version 49.0 (49)
// access flags 0x1
public class edu/montana/csci/csci466/bytecode/CatScriptProgram19 extends edu/montana/csci/csci468/parser/statements/CatScriptProgram {


  // access flags 0x1
  public <init>()V
    ALOAD 0
    INVOKESPECIAL edu/montana/csci/csci468/parser/statements/CatScriptProgram.<init> ()V
    RETURN
    MAXSTACK = 1
    MAXLOCALS = 1

  // access flags 0x1
  public execute()V
    ALOAD 0
    LDC 1
    LDC 2
    IMUL
    INVOKESTATIC java/lang/Integer.valueOf (I)Ljava/lang/Integer;
    INVOKEVIRTUAL edu/montana/csci/csci468/parser/statements/CatScriptProgram.print (Ljava/lang/Object;)V
    RETURN
    MAXSTACK = 3
    MAXLOCALS = 1
}


 ================================================
 JVM Bytecode ===================================

// class version 49.0 (49)
// access flags 0x1
public class edu/montana/csci/csci466/bytecode/CatScriptProgram20 extends edu/montana/csci/csci468/parser/statements/CatScriptProgram {


  // access flags 0x1
  public <init>()V
    ALOAD 0
    INVOKESPECIAL edu/montana/csci/csci468/parser/statements/CatScriptProgram.<init> ()V
    RETURN
    MAXSTACK = 1
    MAXLOCALS = 1

  // access flags 0x1
  public execute()V
    ALOAD 0
    LDC 8
    LDC 2
    IDIV
    INVOKESTATIC java/lang/Integer.valueOf (I)Ljava/lang/Integer;
    INVOKEVIRTUAL edu/montana/csci/csci468/parser/statements/CatScriptProgram.print (Ljava/lang/Object;)V
    RETURN
    MAXSTACK = 3
    MAXLOCALS = 1
}


 ================================================
 JVM Bytecode ===================================

// class version 49.0 (49)
// access flags 0x1
public class edu/montana/csci/csci466/bytecode/CatScriptProgram21 extends edu/montana/csci/csci468/parser/statements/CatScriptProgram {


  // access flags 0x1
  public <init>()V
    ALOAD 0
    INVOKESPECIAL edu/montana/csci/csci468/parser/statements/CatScriptProgram.<init> ()V
    RETURN
    MAXSTACK = 1
    MAXLOCALS = 1

  // access flags 0x1
  public execute()V
    ALOAD 0
    LDC 2
    LDC 4
    IMUL
    LDC 2
    IDIV
    INVOKESTATIC java/lang/Integer.valueOf (I)Ljava/lang/Integer;
    INVOKEVIRTUAL edu/montana/csci/csci468/parser/statements/CatScriptProgram.print (Ljava/lang/Object;)V
    RETURN
    MAXSTACK = 3
    MAXLOCALS = 1
}


 ================================================
 JVM Bytecode ===================================

// class version 49.0 (49)
// access flags 0x1
public class edu/montana/csci/csci466/bytecode/CatScriptProgram22 extends edu/montana/csci/csci468/parser/statements/CatScriptProgram {


  // access flags 0x1
  public <init>()V
    ALOAD 0
    INVOKESPECIAL edu/montana/csci/csci468/parser/statements/CatScriptProgram.<init> ()V
    RETURN
    MAXSTACK = 1
    MAXLOCALS = 1

  // access flags 0x1
  public execute()V
    ALOAD 0
    LDC 1
    INVOKESTATIC java/lang/Integer.valueOf (I)Ljava/lang/Integer;
    LDC 1
    INVOKESTATIC java/lang/Integer.valueOf (I)Ljava/lang/Integer;
    IF_ACMPEQ L0
    LDC 0
    GOTO L1
   L0
   FRAME FULL [edu/montana/csci/csci466/bytecode/CatScriptProgram22] [edu/montana/csci/csci466/bytecode/CatScriptProgram22]
    LDC 1
   L1
   FRAME FULL [edu/montana/csci/csci466/bytecode/CatScriptProgram22] [edu/montana/csci/csci466/bytecode/CatScriptProgram22 I]
    INVOKESTATIC java/lang/Boolean.valueOf (Z)Ljava/lang/Boolean;
    INVOKEVIRTUAL edu/montana/csci/csci468/parser/statements/CatScriptProgram.print (Ljava/lang/Object;)V
    RETURN
    MAXSTACK = 3
    MAXLOCALS = 1
}


 ================================================
 JVM Bytecode ===================================

// class version 49.0 (49)
// access flags 0x1
public class edu/montana/csci/csci466/bytecode/CatScriptProgram23 extends edu/montana/csci/csci468/parser/statements/CatScriptProgram {


  // access flags 0x1
  public <init>()V
    ALOAD 0
    INVOKESPECIAL edu/montana/csci/csci468/parser/statements/CatScriptProgram.<init> ()V
    RETURN
    MAXSTACK = 1
    MAXLOCALS = 1

  // access flags 0x1
  public execute()V
    ALOAD 0
    LDC 1
    INVOKESTATIC java/lang/Boolean.valueOf (Z)Ljava/lang/Boolean;
    LDC 1
    INVOKESTATIC java/lang/Boolean.valueOf (Z)Ljava/lang/Boolean;
    IF_ACMPEQ L0
    LDC 0
    GOTO L1
   L0
   FRAME FULL [edu/montana/csci/csci466/bytecode/CatScriptProgram23] [edu/montana/csci/csci466/bytecode/CatScriptProgram23]
    LDC 1
   L1
   FRAME FULL [edu/montana/csci/csci466/bytecode/CatScriptProgram23] [edu/montana/csci/csci466/bytecode/CatScriptProgram23 I]
    INVOKESTATIC java/lang/Boolean.valueOf (Z)Ljava/lang/Boolean;
    INVOKEVIRTUAL edu/montana/csci/csci468/parser/statements/CatScriptProgram.print (Ljava/lang/Object;)V
    RETURN
    MAXSTACK = 3
    MAXLOCALS = 1
}


 ================================================
 JVM Bytecode ===================================

// class version 49.0 (49)
// access flags 0x1
public class edu/montana/csci/csci466/bytecode/CatScriptProgram24 extends edu/montana/csci/csci468/parser/statements/CatScriptProgram {


  // access flags 0x1
  public <init>()V
    ALOAD 0
    INVOKESPECIAL edu/montana/csci/csci468/parser/statements/CatScriptProgram.<init> ()V
    RETURN
    MAXSTACK = 1
    MAXLOCALS = 1

  // access flags 0x1
  public execute()V
    ALOAD 0
    ACONST_NULL
    ACONST_NULL
    IF_ACMPEQ L0
    LDC 0
    GOTO L1
   L0
   FRAME FULL [edu/montana/csci/csci466/bytecode/CatScriptProgram24] [edu/montana/csci/csci466/bytecode/CatScriptProgram24]
    LDC 1
   L1
   FRAME FULL [edu/montana/csci/csci466/bytecode/CatScriptProgram24] [edu/montana/csci/csci466/bytecode/CatScriptProgram24 I]
    INVOKESTATIC java/lang/Boolean.valueOf (Z)Ljava/lang/Boolean;
    INVOKEVIRTUAL edu/montana/csci/csci468/parser/statements/CatScriptProgram.print (Ljava/lang/Object;)V
    RETURN
    MAXSTACK = 3
    MAXLOCALS = 1
}


 ================================================
 JVM Bytecode ===================================

// class version 49.0 (49)
// access flags 0x1
public class edu/montana/csci/csci466/bytecode/CatScriptProgram25 extends edu/montana/csci/csci468/parser/statements/CatScriptProgram {


  // access flags 0x1
  public <init>()V
    ALOAD 0
    INVOKESPECIAL edu/montana/csci/csci468/parser/statements/CatScriptProgram.<init> ()V
    RETURN
    MAXSTACK = 1
    MAXLOCALS = 1

  // access flags 0x1
  public execute()V
    ALOAD 0
    LDC 1
    INVOKESTATIC java/lang/Boolean.valueOf (Z)Ljava/lang/Boolean;
    ACONST_NULL
    IF_ACMPNE L0
    LDC 0
    GOTO L1
   L0
   FRAME FULL [edu/montana/csci/csci466/bytecode/CatScriptProgram25] [edu/montana/csci/csci466/bytecode/CatScriptProgram25]
    LDC 1
   L1
   FRAME FULL [edu/montana/csci/csci466/bytecode/CatScriptProgram25] [edu/montana/csci/csci466/bytecode/CatScriptProgram25 I]
    INVOKESTATIC java/lang/Boolean.valueOf (Z)Ljava/lang/Boolean;
    INVOKEVIRTUAL edu/montana/csci/csci468/parser/statements/CatScriptProgram.print (Ljava/lang/Object;)V
    RETURN
    MAXSTACK = 3
    MAXLOCALS = 1
}


 ================================================
 JVM Bytecode ===================================

// class version 49.0 (49)
// access flags 0x1
public class edu/montana/csci/csci466/bytecode/CatScriptProgram26 extends edu/montana/csci/csci468/parser/statements/CatScriptProgram {


  // access flags 0x1
  public <init>()V
    ALOAD 0
    INVOKESPECIAL edu/montana/csci/csci468/parser/statements/CatScriptProgram.<init> ()V
    RETURN
    MAXSTACK = 1
    MAXLOCALS = 1

  // access flags 0x1
  public execute()V
    ALOAD 0
    LDC 1
    INVOKESTATIC java/lang/Boolean.valueOf (Z)Ljava/lang/Boolean;
    LDC 1
    INVOKESTATIC java/lang/Integer.valueOf (I)Ljava/lang/Integer;
    IF_ACMPNE L0
    LDC 0
    GOTO L1
   L0
   FRAME FULL [edu/montana/csci/csci466/bytecode/CatScriptProgram26] [edu/montana/csci/csci466/bytecode/CatScriptProgram26]
    LDC 1
   L1
   FRAME FULL [edu/montana/csci/csci466/bytecode/CatScriptProgram26] [edu/montana/csci/csci466/bytecode/CatScriptProgram26 I]
    INVOKESTATIC java/lang/Boolean.valueOf (Z)Ljava/lang/Boolean;
    INVOKEVIRTUAL edu/montana/csci/csci468/parser/statements/CatScriptProgram.print (Ljava/lang/Object;)V
    RETURN
    MAXSTACK = 3
    MAXLOCALS = 1
}


 ================================================
 JVM Bytecode ===================================

// class version 49.0 (49)
// access flags 0x1
public class edu/montana/csci/csci466/bytecode/CatScriptProgram27 extends edu/montana/csci/csci468/parser/statements/CatScriptProgram {


  // access flags 0x1
  public <init>()V
    ALOAD 0
    INVOKESPECIAL edu/montana/csci/csci468/parser/statements/CatScriptProgram.<init> ()V
    RETURN
    MAXSTACK = 1
    MAXLOCALS = 1

  // access flags 0x1
  public execute()V
    ALOAD 0
    LDC 1
    LDC 2
    IF_ICMPGT L0
    LDC 0
    GOTO L1
   L0
   FRAME FULL [edu/montana/csci/csci466/bytecode/CatScriptProgram27] [edu/montana/csci/csci466/bytecode/CatScriptProgram27]
    LDC 1
   L1
   FRAME FULL [edu/montana/csci/csci466/bytecode/CatScriptProgram27] [edu/montana/csci/csci466/bytecode/CatScriptProgram27 I]
    INVOKESTATIC java/lang/Boolean.valueOf (Z)Ljava/lang/Boolean;
    INVOKEVIRTUAL edu/montana/csci/csci468/parser/statements/CatScriptProgram.print (Ljava/lang/Object;)V
    RETURN
    MAXSTACK = 3
    MAXLOCALS = 1
}


 ================================================
 JVM Bytecode ===================================

// class version 49.0 (49)
// access flags 0x1
public class edu/montana/csci/csci466/bytecode/CatScriptProgram28 extends edu/montana/csci/csci468/parser/statements/CatScriptProgram {


  // access flags 0x1
  public <init>()V
    ALOAD 0
    INVOKESPECIAL edu/montana/csci/csci468/parser/statements/CatScriptProgram.<init> ()V
    RETURN
    MAXSTACK = 1
    MAXLOCALS = 1

  // access flags 0x1
  public execute()V
    ALOAD 0
    LDC 1
    LDC 2
    IF_ICMPGE L0
    LDC 0
    GOTO L1
   L0
   FRAME FULL [edu/montana/csci/csci466/bytecode/CatScriptProgram28] [edu/montana/csci/csci466/bytecode/CatScriptProgram28]
    LDC 1
   L1
   FRAME FULL [edu/montana/csci/csci466/bytecode/CatScriptProgram28] [edu/montana/csci/csci466/bytecode/CatScriptProgram28 I]
    INVOKESTATIC java/lang/Boolean.valueOf (Z)Ljava/lang/Boolean;
    INVOKEVIRTUAL edu/montana/csci/csci468/parser/statements/CatScriptProgram.print (Ljava/lang/Object;)V
    RETURN
    MAXSTACK = 3
    MAXLOCALS = 1
}


 ================================================
 JVM Bytecode ===================================

// class version 49.0 (49)
// access flags 0x1
public class edu/montana/csci/csci466/bytecode/CatScriptProgram29 extends edu/montana/csci/csci468/parser/statements/CatScriptProgram {


  // access flags 0x1
  public <init>()V
    ALOAD 0
    INVOKESPECIAL edu/montana/csci/csci468/parser/statements/CatScriptProgram.<init> ()V
    RETURN
    MAXSTACK = 1
    MAXLOCALS = 1

  // access flags 0x1
  public execute()V
    ALOAD 0
    LDC 1
    LDC 2
    IF_ICMPLE L0
    LDC 0
    GOTO L1
   L0
   FRAME FULL [edu/montana/csci/csci466/bytecode/CatScriptProgram29] [edu/montana/csci/csci466/bytecode/CatScriptProgram29]
    LDC 1
   L1
   FRAME FULL [edu/montana/csci/csci466/bytecode/CatScriptProgram29] [edu/montana/csci/csci466/bytecode/CatScriptProgram29 I]
    INVOKESTATIC java/lang/Boolean.valueOf (Z)Ljava/lang/Boolean;
    INVOKEVIRTUAL edu/montana/csci/csci468/parser/statements/CatScriptProgram.print (Ljava/lang/Object;)V
    RETURN
    MAXSTACK = 3
    MAXLOCALS = 1
}


 ================================================
 JVM Bytecode ===================================

// class version 49.0 (49)
// access flags 0x1
public class edu/montana/csci/csci466/bytecode/CatScriptProgram30 extends edu/montana/csci/csci468/parser/statements/CatScriptProgram {


  // access flags 0x1
  public <init>()V
    ALOAD 0
    INVOKESPECIAL edu/montana/csci/csci468/parser/statements/CatScriptProgram.<init> ()V
    RETURN
    MAXSTACK = 1
    MAXLOCALS = 1

  // access flags 0x1
  public execute()V
    ALOAD 0
    LDC 1
    LDC 2
    IF_ICMPLT L0
    LDC 0
    GOTO L1
   L0
   FRAME FULL [edu/montana/csci/csci466/bytecode/CatScriptProgram30] [edu/montana/csci/csci466/bytecode/CatScriptProgram30]
    LDC 1
   L1
   FRAME FULL [edu/montana/csci/csci466/bytecode/CatScriptProgram30] [edu/montana/csci/csci466/bytecode/CatScriptProgram30 I]
    INVOKESTATIC java/lang/Boolean.valueOf (Z)Ljava/lang/Boolean;
    INVOKEVIRTUAL edu/montana/csci/csci468/parser/statements/CatScriptProgram.print (Ljava/lang/Object;)V
    RETURN
    MAXSTACK = 3
    MAXLOCALS = 1
}


 ================================================
 JVM Bytecode ===================================

// class version 49.0 (49)
// access flags 0x1
public class edu/montana/csci/csci466/bytecode/CatScriptProgram31 extends edu/montana/csci/csci468/parser/statements/CatScriptProgram {


  // access flags 0x1
  public <init>()V
    ALOAD 0
    INVOKESPECIAL edu/montana/csci/csci468/parser/statements/CatScriptProgram.<init> ()V
    RETURN
    MAXSTACK = 1
    MAXLOCALS = 1

  // access flags 0x1
  public execute()V
    ALOAD 0
    LDC 2
    LDC 1
    IF_ICMPGT L0
    LDC 0
    GOTO L1
   L0
   FRAME FULL [edu/montana/csci/csci466/bytecode/CatScriptProgram31] [edu/montana/csci/csci466/bytecode/CatScriptProgram31]
    LDC 1
   L1
   FRAME FULL [edu/montana/csci/csci466/bytecode/CatScriptProgram31] [edu/montana/csci/csci466/bytecode/CatScriptProgram31 I]
    INVOKESTATIC java/lang/Boolean.valueOf (Z)Ljava/lang/Boolean;
    INVOKEVIRTUAL edu/montana/csci/csci468/parser/statements/CatScriptProgram.print (Ljava/lang/Object;)V
    RETURN
    MAXSTACK = 3
    MAXLOCALS = 1
}


 ================================================
 JVM Bytecode ===================================

// class version 49.0 (49)
// access flags 0x1
public class edu/montana/csci/csci466/bytecode/CatScriptProgram32 extends edu/montana/csci/csci468/parser/statements/CatScriptProgram {


  // access flags 0x1
  public <init>()V
    ALOAD 0
    INVOKESPECIAL edu/montana/csci/csci468/parser/statements/CatScriptProgram.<init> ()V
    RETURN
    MAXSTACK = 1
    MAXLOCALS = 1

  // access flags 0x1
  public execute()V
    ALOAD 0
    LDC 2
    LDC 1
    IF_ICMPGE L0
    LDC 0
    GOTO L1
   L0
   FRAME FULL [edu/montana/csci/csci466/bytecode/CatScriptProgram32] [edu/montana/csci/csci466/bytecode/CatScriptProgram32]
    LDC 1
   L1
   FRAME FULL [edu/montana/csci/csci466/bytecode/CatScriptProgram32] [edu/montana/csci/csci466/bytecode/CatScriptProgram32 I]
    INVOKESTATIC java/lang/Boolean.valueOf (Z)Ljava/lang/Boolean;
    INVOKEVIRTUAL edu/montana/csci/csci468/parser/statements/CatScriptProgram.print (Ljava/lang/Object;)V
    RETURN
    MAXSTACK = 3
    MAXLOCALS = 1
}


 ================================================
 JVM Bytecode ===================================

// class version 49.0 (49)
// access flags 0x1
public class edu/montana/csci/csci466/bytecode/CatScriptProgram33 extends edu/montana/csci/csci468/parser/statements/CatScriptProgram {


  // access flags 0x1
  public <init>()V
    ALOAD 0
    INVOKESPECIAL edu/montana/csci/csci468/parser/statements/CatScriptProgram.<init> ()V
    RETURN
    MAXSTACK = 1
    MAXLOCALS = 1

  // access flags 0x1
  public execute()V
    ALOAD 0
    LDC 2
    LDC 1
    IF_ICMPLE L0
    LDC 0
    GOTO L1
   L0
   FRAME FULL [edu/montana/csci/csci466/bytecode/CatScriptProgram33] [edu/montana/csci/csci466/bytecode/CatScriptProgram33]
    LDC 1
   L1
   FRAME FULL [edu/montana/csci/csci466/bytecode/CatScriptProgram33] [edu/montana/csci/csci466/bytecode/CatScriptProgram33 I]
    INVOKESTATIC java/lang/Boolean.valueOf (Z)Ljava/lang/Boolean;
    INVOKEVIRTUAL edu/montana/csci/csci468/parser/statements/CatScriptProgram.print (Ljava/lang/Object;)V
    RETURN
    MAXSTACK = 3
    MAXLOCALS = 1
}


 ================================================
 JVM Bytecode ===================================

// class version 49.0 (49)
// access flags 0x1
public class edu/montana/csci/csci466/bytecode/CatScriptProgram34 extends edu/montana/csci/csci468/parser/statements/CatScriptProgram {


  // access flags 0x1
  public <init>()V
    ALOAD 0
    INVOKESPECIAL edu/montana/csci/csci468/parser/statements/CatScriptProgram.<init> ()V
    RETURN
    MAXSTACK = 1
    MAXLOCALS = 1

  // access flags 0x1
  public execute()V
    ALOAD 0
    LDC 2
    LDC 1
    IF_ICMPLT L0
    LDC 0
    GOTO L1
   L0
   FRAME FULL [edu/montana/csci/csci466/bytecode/CatScriptProgram34] [edu/montana/csci/csci466/bytecode/CatScriptProgram34]
    LDC 1
   L1
   FRAME FULL [edu/montana/csci/csci466/bytecode/CatScriptProgram34] [edu/montana/csci/csci466/bytecode/CatScriptProgram34 I]
    INVOKESTATIC java/lang/Boolean.valueOf (Z)Ljava/lang/Boolean;
    INVOKEVIRTUAL edu/montana/csci/csci468/parser/statements/CatScriptProgram.print (Ljava/lang/Object;)V
    RETURN
    MAXSTACK = 3
    MAXLOCALS = 1
}


 ================================================
 JVM Bytecode ===================================

// class version 49.0 (49)
// access flags 0x1
public class edu/montana/csci/csci466/bytecode/CatScriptProgram35 extends edu/montana/csci/csci468/parser/statements/CatScriptProgram {


  // access flags 0x1
  public <init>()V
    ALOAD 0
    INVOKESPECIAL edu/montana/csci/csci468/parser/statements/CatScriptProgram.<init> ()V
    RETURN
    MAXSTACK = 1
    MAXLOCALS = 1

  // access flags 0x1
  public execute()V
    ALOAD 0
    LDC 1
    LDC 1
    IF_ICMPGT L0
    LDC 0
    GOTO L1
   L0
   FRAME FULL [edu/montana/csci/csci466/bytecode/CatScriptProgram35] [edu/montana/csci/csci466/bytecode/CatScriptProgram35]
    LDC 1
   L1
   FRAME FULL [edu/montana/csci/csci466/bytecode/CatScriptProgram35] [edu/montana/csci/csci466/bytecode/CatScriptProgram35 I]
    INVOKESTATIC java/lang/Boolean.valueOf (Z)Ljava/lang/Boolean;
    INVOKEVIRTUAL edu/montana/csci/csci468/parser/statements/CatScriptProgram.print (Ljava/lang/Object;)V
    RETURN
    MAXSTACK = 3
    MAXLOCALS = 1
}


 ================================================
 JVM Bytecode ===================================

// class version 49.0 (49)
// access flags 0x1
public class edu/montana/csci/csci466/bytecode/CatScriptProgram36 extends edu/montana/csci/csci468/parser/statements/CatScriptProgram {


  // access flags 0x1
  public <init>()V
    ALOAD 0
    INVOKESPECIAL edu/montana/csci/csci468/parser/statements/CatScriptProgram.<init> ()V
    RETURN
    MAXSTACK = 1
    MAXLOCALS = 1

  // access flags 0x1
  public execute()V
    ALOAD 0
    LDC 1
    LDC 1
    IF_ICMPGE L0
    LDC 0
    GOTO L1
   L0
   FRAME FULL [edu/montana/csci/csci466/bytecode/CatScriptProgram36] [edu/montana/csci/csci466/bytecode/CatScriptProgram36]
    LDC 1
   L1
   FRAME FULL [edu/montana/csci/csci466/bytecode/CatScriptProgram36] [edu/montana/csci/csci466/bytecode/CatScriptProgram36 I]
    INVOKESTATIC java/lang/Boolean.valueOf (Z)Ljava/lang/Boolean;
    INVOKEVIRTUAL edu/montana/csci/csci468/parser/statements/CatScriptProgram.print (Ljava/lang/Object;)V
    RETURN
    MAXSTACK = 3
    MAXLOCALS = 1
}


 ================================================
 JVM Bytecode ===================================

// class version 49.0 (49)
// access flags 0x1
public class edu/montana/csci/csci466/bytecode/CatScriptProgram37 extends edu/montana/csci/csci468/parser/statements/CatScriptProgram {


  // access flags 0x1
  public <init>()V
    ALOAD 0
    INVOKESPECIAL edu/montana/csci/csci468/parser/statements/CatScriptProgram.<init> ()V
    RETURN
    MAXSTACK = 1
    MAXLOCALS = 1

  // access flags 0x1
  public execute()V
    ALOAD 0
    LDC 1
    LDC 1
    IF_ICMPLE L0
    LDC 0
    GOTO L1
   L0
   FRAME FULL [edu/montana/csci/csci466/bytecode/CatScriptProgram37] [edu/montana/csci/csci466/bytecode/CatScriptProgram37]
    LDC 1
   L1
   FRAME FULL [edu/montana/csci/csci466/bytecode/CatScriptProgram37] [edu/montana/csci/csci466/bytecode/CatScriptProgram37 I]
    INVOKESTATIC java/lang/Boolean.valueOf (Z)Ljava/lang/Boolean;
    INVOKEVIRTUAL edu/montana/csci/csci468/parser/statements/CatScriptProgram.print (Ljava/lang/Object;)V
    RETURN
    MAXSTACK = 3
    MAXLOCALS = 1
}


 ================================================
 JVM Bytecode ===================================

// class version 49.0 (49)
// access flags 0x1
public class edu/montana/csci/csci466/bytecode/CatScriptProgram38 extends edu/montana/csci/csci468/parser/statements/CatScriptProgram {


  // access flags 0x1
  public <init>()V
    ALOAD 0
    INVOKESPECIAL edu/montana/csci/csci468/parser/statements/CatScriptProgram.<init> ()V
    RETURN
    MAXSTACK = 1
    MAXLOCALS = 1

  // access flags 0x1
  public execute()V
    ALOAD 0
    LDC 2
    LDC 1
    IF_ICMPLT L0
    LDC 0
    GOTO L1
   L0
   FRAME FULL [edu/montana/csci/csci466/bytecode/CatScriptProgram38] [edu/montana/csci/csci466/bytecode/CatScriptProgram38]
    LDC 1
   L1
   FRAME FULL [edu/montana/csci/csci466/bytecode/CatScriptProgram38] [edu/montana/csci/csci466/bytecode/CatScriptProgram38 I]
    INVOKESTATIC java/lang/Boolean.valueOf (Z)Ljava/lang/Boolean;
    INVOKEVIRTUAL edu/montana/csci/csci468/parser/statements/CatScriptProgram.print (Ljava/lang/Object;)V
    RETURN
    MAXSTACK = 3
    MAXLOCALS = 1
}


 ================================================
[ERROR] Tests run: 8, Failures: 0, Errors: 2, Skipped: 0, Time elapsed: 0.022 s <<< FAILURE! - in edu.montana.csci.csci468.bytecode.CatscriptBasicExpressionCompileTest
[ERROR] unaryExpressionCompilesProperly  Time elapsed: 0.001 s  <<< ERROR!
java.lang.UnsupportedOperationException: compile needs to be implemented for edu.montana.csci.csci468.parser.expressions.UnaryExpression
	at edu.montana.csci.csci468.bytecode.CatscriptBasicExpressionCompileTest.unaryExpressionCompilesProperly(CatscriptBasicExpressionCompileTest.java:20)

[ERROR] parenthesizedExpressionCompilesProperly  Time elapsed: 0 s  <<< ERROR!
edu.montana.csci.csci468.parser.ParseErrorException: 
Parse Errors Occurred:

Line 1:(1)
      ^

Error: Unexpected Token

Line 1:(1)
       ^

Error: Unexpected Token

Line 1:(1)
        ^

Error: Unexpected Token


	at edu.montana.csci.csci468.bytecode.CatscriptBasicExpressionCompileTest.parenthesizedExpressionCompilesProperly(CatscriptBasicExpressionCompileTest.java:75)

[INFO] Running edu.montana.csci.csci468.bytecode.CatscriptFunctionArgsAndReturnCompileTest
[ERROR] Tests run: 15, Failures: 0, Errors: 15, Skipped: 0, Time elapsed: 0.007 s <<< FAILURE! - in edu.montana.csci.csci468.bytecode.CatscriptFunctionArgsAndReturnCompileTest
[ERROR] listTypeWithComponentTypeArgWorksProperly  Time elapsed: 0 s  <<< ERROR!
java.lang.NullPointerException: Cannot assign field "parent" because "element" is null
	at edu.montana.csci.csci468.bytecode.CatscriptFunctionArgsAndReturnCompileTest.listTypeWithComponentTypeArgWorksProperly(CatscriptFunctionArgsAndReturnCompileTest.java:56)

[ERROR] stringTypeArgWorksProperly  Time elapsed: 0.001 s  <<< ERROR!
java.lang.NullPointerException: Cannot assign field "parent" because "element" is null
	at edu.montana.csci.csci468.bytecode.CatscriptFunctionArgsAndReturnCompileTest.stringTypeArgWorksProperly(CatscriptFunctionArgsAndReturnCompileTest.java:44)

[ERROR] noTypeArgWorksProperly  Time elapsed: 0 s  <<< ERROR!
java.lang.NullPointerException: Cannot assign field "parent" because "element" is null
	at edu.montana.csci.csci468.bytecode.CatscriptFunctionArgsAndReturnCompileTest.noTypeArgWorksProperly(CatscriptFunctionArgsAndReturnCompileTest.java:20)

[ERROR] mutliArgumentFunctionsWork  Time elapsed: 0.001 s  <<< ERROR!
java.lang.NullPointerException: Cannot assign field "parent" because "element" is null
	at edu.montana.csci.csci468.bytecode.CatscriptFunctionArgsAndReturnCompileTest.mutliArgumentFunctionsWork(CatscriptFunctionArgsAndReturnCompileTest.java:62)

[ERROR] returnBoolWorksProperly  Time elapsed: 0 s  <<< ERROR!
edu.montana.csci.csci468.parser.ParseErrorException: 
Parse Errors Occurred:

Line 1:function foo() : bool { return true }print(foo())
                                                       ^

Error: Unexpected Token


	at edu.montana.csci.csci468.bytecode.CatscriptFunctionArgsAndReturnCompileTest.returnBoolWorksProperly(CatscriptFunctionArgsAndReturnCompileTest.java:88)

[ERROR] returnListWithComponentTypeWorksProperlyWithMultipleReturnOptions  Time elapsed: 0.001 s  <<< ERROR!
edu.montana.csci.csci468.parser.ParseErrorException: 
Parse Errors Occurred:

Line 1:function foo() : list<int> { if(true){ return [1, 2, 3] } else { return null } }print(foo())
                           ^

Error: Unexpected Token

Line 1:function foo() : list<int> { if(true){ return [1, 2, 3] } else { return null } }print(foo())
                                                                                                  ^

Error: Unexpected Token

Line 1:function foo() : list<int> { if(true){ return [1, 2, 3] } else { return null } }print(foo())
                           ^

Error: Unexpected Token

Line 1:function foo() : list<int> { if(true){ return [1, 2, 3] } else { return null } }print(foo())
                               ^

Error: Unexpected Token

Line 1:function foo() : list<int> { if(true){ return [1, 2, 3] } else { return null } }print(foo())
                                 ^

Error: Unexpected Token

Line 1:function foo() : list<int> { if(true){ return [1, 2, 3] } else { return null } }print(foo())
                                                                ^

Error: Unexpected Token

Line 1:function foo() : list<int> { if(true){ return [1, 2, 3] } else { return null } }print(foo())
                                                                     ^

Error: Unexpected Token


	at edu.montana.csci.csci468.bytecode.CatscriptFunctionArgsAndReturnCompileTest.returnListWithComponentTypeWorksProperlyWithMultipleReturnOptions(CatscriptFunctionArgsAndReturnCompileTest.java:107)

[ERROR] returnObjectWorksProperly  Time elapsed: 0 s  <<< ERROR!
edu.montana.csci.csci468.parser.ParseErrorException: 
Parse Errors Occurred:

Line 1:function foo() : object { return 1 }print(foo())
                                                      ^

Error: Unexpected Token


	at edu.montana.csci.csci468.bytecode.CatscriptFunctionArgsAndReturnCompileTest.returnObjectWorksProperly(CatscriptFunctionArgsAndReturnCompileTest.java:72)

[ERROR] returnListWithComponentTypeWorksProperly  Time elapsed: 0.001 s  <<< ERROR!
edu.montana.csci.csci468.parser.ParseErrorException: 
Parse Errors Occurred:

Line 1:function foo() : list<int> { return [1, 2, 3] }print(foo())
                           ^

Error: Unexpected Token

Line 1:function foo() : list<int> { return [1, 2, 3] }print(foo())
                                                                 ^

Error: Unexpected Token

Line 1:function foo() : list<int> { return [1, 2, 3] }print(foo())
                           ^

Error: Unexpected Token

Line 1:function foo() : list<int> { return [1, 2, 3] }print(foo())
                               ^

Error: Unexpected Token

Line 1:function foo() : list<int> { return [1, 2, 3] }print(foo())
                                 ^

Error: Unexpected Token


	at edu.montana.csci.csci468.bytecode.CatscriptFunctionArgsAndReturnCompileTest.returnListWithComponentTypeWorksProperly(CatscriptFunctionArgsAndReturnCompileTest.java:101)

[ERROR] returnListWorksProperly  Time elapsed: 0 s  <<< ERROR!
edu.montana.csci.csci468.parser.ParseErrorException: 
Parse Errors Occurred:

Line 1:function foo() : list { return [1, 2, 3] }print(foo())
                                                            ^

Error: Unexpected Token


	at edu.montana.csci.csci468.bytecode.CatscriptFunctionArgsAndReturnCompileTest.returnListWorksProperly(CatscriptFunctionArgsAndReturnCompileTest.java:94)

[ERROR] objectTypeArgWorksProperly  Time elapsed: 0 s  <<< ERROR!
java.lang.NullPointerException: Cannot assign field "parent" because "element" is null
	at edu.montana.csci.csci468.bytecode.CatscriptFunctionArgsAndReturnCompileTest.objectTypeArgWorksProperly(CatscriptFunctionArgsAndReturnCompileTest.java:26)

[ERROR] voidFunctionWorksProperly  Time elapsed: 0 s  <<< ERROR!
java.lang.NullPointerException: Cannot assign field "parent" because "element" is null
	at edu.montana.csci.csci468.bytecode.CatscriptFunctionArgsAndReturnCompileTest.voidFunctionWorksProperly(CatscriptFunctionArgsAndReturnCompileTest.java:12)

[ERROR] listTypeArgWorksProperly  Time elapsed: 0 s  <<< ERROR!
java.lang.NullPointerException: Cannot assign field "parent" because "element" is null
	at edu.montana.csci.csci468.bytecode.CatscriptFunctionArgsAndReturnCompileTest.listTypeArgWorksProperly(CatscriptFunctionArgsAndReturnCompileTest.java:50)

[ERROR] intTypeArgWorksProperly  Time elapsed: 0.001 s  <<< ERROR!
java.lang.NullPointerException: Cannot assign field "parent" because "element" is null
	at edu.montana.csci.csci468.bytecode.CatscriptFunctionArgsAndReturnCompileTest.intTypeArgWorksProperly(CatscriptFunctionArgsAndReturnCompileTest.java:32)

[ERROR] booleanTypeArgWorksProperly  Time elapsed: 0 s  <<< ERROR!
java.lang.NullPointerException: Cannot assign field "parent" because "element" is null
	at edu.montana.csci.csci468.bytecode.CatscriptFunctionArgsAndReturnCompileTest.booleanTypeArgWorksProperly(CatscriptFunctionArgsAndReturnCompileTest.java:38)

[ERROR] returnIntWorksProperly  Time elapsed: 0 s  <<< ERROR!
edu.montana.csci.csci468.parser.ParseErrorException: 
Parse Errors Occurred:

Line 1:function foo() : int { return 1 }print(foo())
                                                   ^

Error: Unexpected Token


	at edu.montana.csci.csci468.bytecode.CatscriptFunctionArgsAndReturnCompileTest.returnIntWorksProperly(CatscriptFunctionArgsAndReturnCompileTest.java:82)

[INFO] 
[INFO] Results:
[INFO] 
[ERROR] Errors: 
[ERROR]   CatscriptBasicExpressionCompileTest.parenthesizedExpressionCompilesProperly:75->CatscriptTestBase.compile:119 » ParseError
[ERROR]   CatscriptBasicExpressionCompileTest.unaryExpressionCompilesProperly:20->CatscriptTestBase.compile:121 » UnsupportedOperation
[ERROR]   CatscriptFunctionArgsAndReturnCompileTest.booleanTypeArgWorksProperly:38->CatscriptTestBase.compile:118 » NullPointer
[ERROR]   CatscriptFunctionArgsAndReturnCompileTest.intTypeArgWorksProperly:32->CatscriptTestBase.compile:118 » NullPointer
[ERROR]   CatscriptFunctionArgsAndReturnCompileTest.listTypeArgWorksProperly:50->CatscriptTestBase.compile:118 » NullPointer
[ERROR]   CatscriptFunctionArgsAndReturnCompileTest.listTypeWithComponentTypeArgWorksProperly:56->CatscriptTestBase.compile:118 » NullPointer
[ERROR]   CatscriptFunctionArgsAndReturnCompileTest.mutliArgumentFunctionsWork:62->CatscriptTestBase.compile:118 » NullPointer
[ERROR]   CatscriptFunctionArgsAndReturnCompileTest.noTypeArgWorksProperly:20->CatscriptTestBase.compile:118 » NullPointer
[ERROR]   CatscriptFunctionArgsAndReturnCompileTest.objectTypeArgWorksProperly:26->CatscriptTestBase.compile:118 » NullPointer
[ERROR]   CatscriptFunctionArgsAndReturnCompileTest.returnBoolWorksProperly:88->CatscriptTestBase.compile:119 » ParseError
[ERROR]   CatscriptFunctionArgsAndReturnCompileTest.returnIntWorksProperly:82->CatscriptTestBase.compile:119 » ParseError
[ERROR]   CatscriptFunctionArgsAndReturnCompileTest.returnListWithComponentTypeWorksProperly:101->CatscriptTestBase.compile:119 » ParseError
[ERROR]   CatscriptFunctionArgsAndReturnCompileTest.returnListWithComponentTypeWorksProperlyWithMultipleReturnOptions:107->CatscriptTestBase.compile:119 » ParseError
[ERROR]   CatscriptFunctionArgsAndReturnCompileTest.returnListWorksProperly:94->CatscriptTestBase.compile:119 » ParseError
[ERROR]   CatscriptFunctionArgsAndReturnCompileTest.returnObjectWorksProperly:72->CatscriptTestBase.compile:119 » ParseError
[ERROR]   CatscriptFunctionArgsAndReturnCompileTest.stringTypeArgWorksProperly:44->CatscriptTestBase.compile:118 » NullPointer
[ERROR]   CatscriptFunctionArgsAndReturnCompileTest.voidFunctionWorksProperly:12->CatscriptTestBase.compile:118 » NullPointer
[ERROR]   CatscriptStatementExecutionTest.forStatementWorksProperly:58->CatscriptTestBase.compile:121 » UnsupportedOperation
[ERROR]   CatscriptStatementExecutionTest.functionDeclarationWorksProperly:63->CatscriptTestBase.compile:118 » NullPointer
[ERROR]   CatscriptStatementExecutionTest.ifStatementWorksProperly:21->CatscriptTestBase.compile:121 » UnsupportedOperation
[ERROR]   CatscriptStatementExecutionTest.localVarStatementsWorkProperly:40->CatscriptTestBase.compile:121 » UnsupportedOperation
[ERROR]   CatscriptStatementExecutionTest.printStatementWorksProperly:12->CatscriptTestBase.compile:121 » UnsupportedOperation
[ERROR]   CatscriptStatementExecutionTest.recursiveFunctionWorksProperly:72->CatscriptTestBase.compile:118 » NullPointer
[ERROR]   CatscriptStatementExecutionTest.returnStatementWorks:85->CatscriptTestBase.compile:119 » ParseError
[ERROR]   CatscriptStatementExecutionTest.varInsideFunctionWorksProperly:48->CatscriptTestBase.compile:119 » ArrayIndexOutOfBounds
[ERROR]   CatscriptStatementExecutionTest.varStatementWorksProperly:29->CatscriptTestBase.compile:121 » UnsupportedOperation
[INFO] 
[ERROR] Tests run: 32, Failures: 0, Errors: 26, Skipped: 0
[INFO] 
[INFO] ------------------------------------------------------------------------
[INFO] BUILD FAILURE
[INFO] ------------------------------------------------------------------------
[INFO] Total time:  1.120 s
[INFO] Finished at: 2023-05-06T02:28:00-06:00
[INFO] ------------------------------------------------------------------------
[ERROR] Failed to execute goal org.apache.maven.plugins:maven-surefire-plugin:2.22.1:test (default-test) on project csci-468-spring2022: There are test failures.
[ERROR] 
[ERROR] Please refer to /Users/carson/Projects/msu/csci-468-spring2023/grading/scripts/repos/samuel_ertischek/target/surefire-reports for the individual test results.
[ERROR] Please refer to dump files (if any exist) [date].dump, [date]-jvmRun[N].dump and [date].dumpstream.
[ERROR] -> [Help 1]
[ERROR] 
[ERROR] To see the full stack trace of the errors, re-run Maven with the -e switch.
[ERROR] Re-run Maven using the -X switch to enable full debug logging.
[ERROR] 
[ERROR] For more information about the errors and possible solutions, please read the following articles:
[ERROR] [Help 1] http://cwiki.apache.org/confluence/display/MAVEN/MojoFailureException
