[INFO] Scanning for projects...
[INFO] 
[INFO] -------------------< cs.msu.edu:csci-468-spring2022 >-------------------
[INFO] Building csci-468-spring2022 1.0-SNAPSHOT
[INFO] --------------------------------[ jar ]---------------------------------
[INFO] 
[INFO] --- maven-resources-plugin:2.6:resources (default-resources) @ csci-468-spring2022 ---
[WARNING] Using platform encoding (UTF-8 actually) to copy filtered resources, i.e. build is platform dependent!
[INFO] Copying 5 resources
[INFO] 
[INFO] --- maven-compiler-plugin:3.1:compile (default-compile) @ csci-468-spring2022 ---
[INFO] Nothing to compile - all classes are up to date
[INFO] 
[INFO] --- maven-resources-plugin:2.6:testResources (default-testResources) @ csci-468-spring2022 ---
[WARNING] Using platform encoding (UTF-8 actually) to copy filtered resources, i.e. build is platform dependent!
[INFO] skip non existing resourceDirectory /Users/carson/Projects/msu/csci-468-spring2023/grading/scripts/repos/samuel_ertischek/src/test/resources
[INFO] 
[INFO] --- maven-compiler-plugin:3.1:testCompile (default-testCompile) @ csci-468-spring2022 ---
[INFO] Nothing to compile - all classes are up to date
[INFO] 
[INFO] --- maven-surefire-plugin:2.22.1:test (default-test) @ csci-468-spring2022 ---
[INFO] 
[INFO] -------------------------------------------------------
[INFO]  T E S T S
[INFO] -------------------------------------------------------
[INFO] Running edu.montana.csci.csci468.tokenizer.CatScriptTokenizerTest
[INFO] Tests run: 16, Failures: 0, Errors: 0, Skipped: 0, Time elapsed: 0.019 s - in edu.montana.csci.csci468.tokenizer.CatScriptTokenizerTest
[INFO] Running edu.montana.csci.csci468.parser.CatscriptParserStatementsTest
[ERROR] Tests run: 21, Failures: 0, Errors: 4, Skipped: 0, Time elapsed: 0.017 s <<< FAILURE! - in edu.montana.csci.csci468.parser.CatscriptParserStatementsTest
[ERROR] functionCallStatement  Time elapsed: 0.003 s  <<< ERROR!
java.lang.NullPointerException: Cannot assign field "parent" because "element" is null
	at edu.montana.csci.csci468.parser.CatscriptParserStatementsTest.functionCallStatement(CatscriptParserStatementsTest.java:136)

[ERROR] varStatementWithListType  Time elapsed: 0.005 s  <<< ERROR!
edu.montana.csci.csci468.parser.ParseErrorException: 
Parse Errors Occurred:

Line 1:var x : list<int> = [1, 2, 3]
                  ^

Error: Unexpected Token

Line 1:var x : list<int> = [1, 2, 3]
                  ^

Error: Unexpected Token

Line 1:var x : list<int> = [1, 2, 3]
                      ^

Error: Unexpected Token

Line 1:var x : list<int> = [1, 2, 3]
                        ^

Error: Unexpected Token

Line 1:var x : list<int> = [1, 2, 3]
                          ^

Error: Unexpected Token

Line 1:var x : list<int> = [1, 2, 3]
                           ^

Error: Unexpected Token

Line 1:var x : list<int> = [1, 2, 3]
                            ^

Error: Unexpected Token

Line 1:var x : list<int> = [1, 2, 3]
                              ^

Error: Unexpected Token

Line 1:var x : list<int> = [1, 2, 3]
                               ^

Error: Unexpected Token

Line 1:var x : list<int> = [1, 2, 3]
                                 ^

Error: Unexpected Token

Line 1:var x : list<int> = [1, 2, 3]
                                  ^

Error: Unexpected Token


	at edu.montana.csci.csci468.parser.CatscriptParserStatementsTest.varStatementWithListType(CatscriptParserStatementsTest.java:119)

[ERROR] returnStatementNoExprInFunction  Time elapsed: 0.001 s  <<< ERROR!
edu.montana.csci.csci468.parser.ParseErrorException: 
Parse Errors Occurred:

Line 1:function x() {return}
                           ^

Error: Unexpected Token

Line 1:function x() {return}
                          ^

Error: Unexpected Token


	at edu.montana.csci.csci468.parser.CatscriptParserStatementsTest.returnStatementNoExprInFunction(CatscriptParserStatementsTest.java:180)

[ERROR] returnStatementExprInFunction  Time elapsed: 0.001 s  <<< ERROR!
edu.montana.csci.csci468.parser.ParseErrorException: 
Parse Errors Occurred:

Line 1:function x() : int {return 10}
                                    ^

Error: Unexpected Token

Line 1:function x() : int {return 10}
                                 ^

Error: Unexpected Token


	at edu.montana.csci.csci468.parser.CatscriptParserStatementsTest.returnStatementExprInFunction(CatscriptParserStatementsTest.java:189)

[INFO] Running edu.montana.csci.csci468.parser.CatscriptParserTypeCheckingTest
[ERROR] Tests run: 10, Failures: 2, Errors: 3, Skipped: 0, Time elapsed: 0.001 s <<< FAILURE! - in edu.montana.csci.csci468.parser.CatscriptParserTypeCheckingTest
[ERROR] functionCallsWorkProperly  Time elapsed: 0 s  <<< ERROR!
edu.montana.csci.csci468.parser.ParseErrorException: 
Parse Errors Occurred:

Line 1:function x():int{return 10} print( x() )
                                              ^

Error: Unexpected Token

Line 1:function x():int{return 10} print( x() )
                              ^

Error: Unexpected Token


	at edu.montana.csci.csci468.parser.CatscriptParserTypeCheckingTest.functionCallsWorkProperly(CatscriptParserTypeCheckingTest.java:38)

[ERROR] identifiersWorkProperly  Time elapsed: 0 s  <<< ERROR!
edu.montana.csci.csci468.parser.ParseErrorException: 
Parse Errors Occurred:

Line 1:var x = 1 print( x )
                       ^

Error: This symbol is not defined


	at edu.montana.csci.csci468.parser.CatscriptParserTypeCheckingTest.identifiersWorkProperly(CatscriptParserTypeCheckingTest.java:32)

[ERROR] typeInferenceWorksForVars  Time elapsed: 0 s  <<< FAILURE!
org.opentest4j.AssertionFailedError: expected: <int> but was: <null>
	at edu.montana.csci.csci468.parser.CatscriptParserTypeCheckingTest.typeInferenceWorksForVars(CatscriptParserTypeCheckingTest.java:45)

[ERROR] assignmentTypeError  Time elapsed: 0 s  <<< FAILURE!
org.opentest4j.AssertionFailedError: expected: <Incompatible types> but was: <This symbol is not defined>
	at edu.montana.csci.csci468.parser.CatscriptParserTypeCheckingTest.assignmentTypeError(CatscriptParserTypeCheckingTest.java:55)

[ERROR] varTypeError  Time elapsed: 0.001 s  <<< ERROR!
java.lang.IllegalStateException: The code var x : bool = 10 did not throw an error!
	at edu.montana.csci.csci468.parser.CatscriptParserTypeCheckingTest.varTypeError(CatscriptParserTypeCheckingTest.java:50)

[INFO] Running edu.montana.csci.csci468.parser.CatscriptParserErrorsTest
[INFO] Tests run: 1, Failures: 0, Errors: 0, Skipped: 0, Time elapsed: 0 s - in edu.montana.csci.csci468.parser.CatscriptParserErrorsTest
[INFO] Running edu.montana.csci.csci468.parser.CatscriptParserSymbolCheckingTest
[ERROR] Tests run: 8, Failures: 0, Errors: 3, Skipped: 0, Time elapsed: 0.006 s <<< FAILURE! - in edu.montana.csci.csci468.parser.CatscriptParserSymbolCheckingTest
[ERROR] paramsConflictWithGlobalVars  Time elapsed: 0 s  <<< ERROR!
java.lang.IllegalStateException: 
The code var x = 10
function foo(x){ print(x) } did not throw an error!
	at edu.montana.csci.csci468.parser.CatscriptParserSymbolCheckingTest.paramsConflictWithGlobalVars(CatscriptParserSymbolCheckingTest.java:46)

[ERROR] duplicateVarsErrors  Time elapsed: 0 s  <<< ERROR!
java.lang.IllegalStateException: 
The code var x = 10
var x = 12 did not throw an error!
	at edu.montana.csci.csci468.parser.CatscriptParserSymbolCheckingTest.duplicateVarsErrors(CatscriptParserSymbolCheckingTest.java:16)

[ERROR] forVarConflict  Time elapsed: 0.001 s  <<< ERROR!
java.lang.IllegalStateException: 
The code var x = 10
for(x in []){ print(x) } did not throw an error!
	at edu.montana.csci.csci468.parser.CatscriptParserSymbolCheckingTest.forVarConflict(CatscriptParserSymbolCheckingTest.java:40)

[INFO] Running edu.montana.csci.csci468.parser.CatscriptParserExpressionsTest
[INFO] Tests run: 29, Failures: 0, Errors: 0, Skipped: 0, Time elapsed: 0.006 s - in edu.montana.csci.csci468.parser.CatscriptParserExpressionsTest
[INFO] Running edu.montana.csci.csci468.eval.CatscriptStatementExecutionTest
[ERROR] Tests run: 9, Failures: 0, Errors: 8, Skipped: 0, Time elapsed: 0.004 s <<< FAILURE! - in edu.montana.csci.csci468.eval.CatscriptStatementExecutionTest
[ERROR] recursiveFunctionWorksProperly  Time elapsed: 0 s  <<< ERROR!
java.lang.NullPointerException: Cannot assign field "parent" because "element" is null
	at edu.montana.csci.csci468.eval.CatscriptStatementExecutionTest.recursiveFunctionWorksProperly(CatscriptStatementExecutionTest.java:75)

[ERROR] localVarStatementsWorkProperly  Time elapsed: 0 s  <<< ERROR!
edu.montana.csci.csci468.parser.ParseErrorException: 
Parse Errors Occurred:

Line 3:  print(y)
              ^

Error: This symbol is not defined


	at edu.montana.csci.csci468.eval.CatscriptStatementExecutionTest.localVarStatementsWorkProperly(CatscriptStatementExecutionTest.java:43)

[ERROR] varStatementWorksProperly  Time elapsed: 0 s  <<< ERROR!
edu.montana.csci.csci468.parser.ParseErrorException: 
Parse Errors Occurred:

Line 2:print(x)
            ^

Error: This symbol is not defined


	at edu.montana.csci.csci468.eval.CatscriptStatementExecutionTest.varStatementWorksProperly(CatscriptStatementExecutionTest.java:32)

[ERROR] functionDeclarationWorksProperly  Time elapsed: 0 s  <<< ERROR!
java.lang.NullPointerException: Cannot assign field "parent" because "element" is null
	at edu.montana.csci.csci468.eval.CatscriptStatementExecutionTest.functionDeclarationWorksProperly(CatscriptStatementExecutionTest.java:66)

[ERROR] returnStatementWorks  Time elapsed: 0.001 s  <<< ERROR!
edu.montana.csci.csci468.parser.ParseErrorException: 
Parse Errors Occurred:

Line 3:print(foo(9))
                   ^

Error: Unexpected Token

Line 2:return x + 1}
             ^

Error: Unexpected Token


	at edu.montana.csci.csci468.eval.CatscriptStatementExecutionTest.returnStatementWorks(CatscriptStatementExecutionTest.java:88)

[ERROR] varInsideFunctionWorksProperly  Time elapsed: 0 s  <<< ERROR!
java.lang.NullPointerException: Cannot read field "javaClass" because "type" is null
	at edu.montana.csci.csci468.eval.CatscriptStatementExecutionTest.varInsideFunctionWorksProperly(CatscriptStatementExecutionTest.java:51)

[ERROR] ifStatementWorksProperly  Time elapsed: 0.001 s  <<< ERROR!
java.lang.UnsupportedOperationException: execute needs to be implemented for edu.montana.csci.csci468.parser.statements.IfStatement
	at edu.montana.csci.csci468.eval.CatscriptStatementExecutionTest.ifStatementWorksProperly(CatscriptStatementExecutionTest.java:24)

[ERROR] forStatementWorksProperly  Time elapsed: 0 s  <<< ERROR!
java.lang.UnsupportedOperationException: execute needs to be implemented for edu.montana.csci.csci468.parser.statements.ForStatement
	at edu.montana.csci.csci468.eval.CatscriptStatementExecutionTest.forStatementWorksProperly(CatscriptStatementExecutionTest.java:61)

[INFO] Running edu.montana.csci.csci468.eval.CatscriptBasicExpressionEvalTest
[ERROR] Tests run: 8, Failures: 0, Errors: 2, Skipped: 0, Time elapsed: 0.003 s <<< FAILURE! - in edu.montana.csci.csci468.eval.CatscriptBasicExpressionEvalTest
[ERROR] additiveStringExpressionEvaluatesProperly  Time elapsed: 0 s  <<< ERROR!
java.lang.NullPointerException: Cannot invoke "Object.toString()" because "lhsValue" is null
	at edu.montana.csci.csci468.eval.CatscriptBasicExpressionEvalTest.additiveStringExpressionEvaluatesProperly(CatscriptBasicExpressionEvalTest.java:45)

[ERROR] parenthesizedExpressionEvaluatesProperly  Time elapsed: 0.001 s  <<< ERROR!
edu.montana.csci.csci468.parser.ParseErrorException: 
Parse Errors Occurred:

Line 1:(1)
      ^

Error: Unexpected Token

Line 1:(1)
       ^

Error: Unexpected Token

Line 1:(1)
        ^

Error: Unexpected Token


	at edu.montana.csci.csci468.eval.CatscriptBasicExpressionEvalTest.parenthesizedExpressionEvaluatesProperly(CatscriptBasicExpressionEvalTest.java:78)

[INFO] Running edu.montana.csci.csci468.eval.CatscriptFunctionArgsAndReturnEvalTest
[ERROR] Tests run: 14, Failures: 0, Errors: 14, Skipped: 0, Time elapsed: 0.004 s <<< FAILURE! - in edu.montana.csci.csci468.eval.CatscriptFunctionArgsAndReturnEvalTest
[ERROR] listTypeWithComponentTypeArgWorksProperly  Time elapsed: 0 s  <<< ERROR!
java.lang.NullPointerException: Cannot assign field "parent" because "element" is null
	at edu.montana.csci.csci468.eval.CatscriptFunctionArgsAndReturnEvalTest.listTypeWithComponentTypeArgWorksProperly(CatscriptFunctionArgsAndReturnEvalTest.java:56)

[ERROR] stringTypeArgWorksProperly  Time elapsed: 0 s  <<< ERROR!
java.lang.NullPointerException: Cannot assign field "parent" because "element" is null
	at edu.montana.csci.csci468.eval.CatscriptFunctionArgsAndReturnEvalTest.stringTypeArgWorksProperly(CatscriptFunctionArgsAndReturnEvalTest.java:44)

[ERROR] noTypeArgWorksProperly  Time elapsed: 0 s  <<< ERROR!
java.lang.NullPointerException: Cannot assign field "parent" because "element" is null
	at edu.montana.csci.csci468.eval.CatscriptFunctionArgsAndReturnEvalTest.noTypeArgWorksProperly(CatscriptFunctionArgsAndReturnEvalTest.java:20)

[ERROR] mutliArgumentFunctionsWork  Time elapsed: 0 s  <<< ERROR!
java.lang.NullPointerException: Cannot assign field "parent" because "element" is null
	at edu.montana.csci.csci468.eval.CatscriptFunctionArgsAndReturnEvalTest.mutliArgumentFunctionsWork(CatscriptFunctionArgsAndReturnEvalTest.java:62)

[ERROR] returnBoolWorksProperly  Time elapsed: 0 s  <<< ERROR!
edu.montana.csci.csci468.parser.ParseErrorException: 
Parse Errors Occurred:

Line 1:function foo() : bool { return true }print(foo())
                                                       ^

Error: Unexpected Token

Line 1:function foo() : bool { return true }print(foo())
                                     ^

Error: Unexpected Token


	at edu.montana.csci.csci468.eval.CatscriptFunctionArgsAndReturnEvalTest.returnBoolWorksProperly(CatscriptFunctionArgsAndReturnEvalTest.java:88)

[ERROR] returnObjectWorksProperly  Time elapsed: 0 s  <<< ERROR!
edu.montana.csci.csci468.parser.ParseErrorException: 
Parse Errors Occurred:

Line 1:function foo() : object { return 1 }print(foo())
                                                      ^

Error: Unexpected Token

Line 1:function foo() : object { return 1 }print(foo())
                                       ^

Error: Unexpected Token


	at edu.montana.csci.csci468.eval.CatscriptFunctionArgsAndReturnEvalTest.returnObjectWorksProperly(CatscriptFunctionArgsAndReturnEvalTest.java:72)

[ERROR] returnListWithComponentTypeWorksProperly  Time elapsed: 0.001 s  <<< ERROR!
edu.montana.csci.csci468.parser.ParseErrorException: 
Parse Errors Occurred:

Line 1:function foo() : list<int> { return [1, 2, 3] }print(foo())
                           ^

Error: Unexpected Token

Line 1:function foo() : list<int> { return [1, 2, 3] }print(foo())
                                                                 ^

Error: Unexpected Token

Line 1:function foo() : list<int> { return [1, 2, 3] }print(foo())
                           ^

Error: Unexpected Token

Line 1:function foo() : list<int> { return [1, 2, 3] }print(foo())
                               ^

Error: Unexpected Token

Line 1:function foo() : list<int> { return [1, 2, 3] }print(foo())
                                 ^

Error: Unexpected Token

Line 1:function foo() : list<int> { return [1, 2, 3] }print(foo())
                                          ^

Error: Unexpected Token


	at edu.montana.csci.csci468.eval.CatscriptFunctionArgsAndReturnEvalTest.returnListWithComponentTypeWorksProperly(CatscriptFunctionArgsAndReturnEvalTest.java:101)

[ERROR] returnListWorksProperly  Time elapsed: 0 s  <<< ERROR!
edu.montana.csci.csci468.parser.ParseErrorException: 
Parse Errors Occurred:

Line 1:function foo() : list { return [1, 2, 3] }print(foo())
                                                            ^

Error: Unexpected Token

Line 1:function foo() : list { return [1, 2, 3] }print(foo())
                                     ^

Error: Unexpected Token


	at edu.montana.csci.csci468.eval.CatscriptFunctionArgsAndReturnEvalTest.returnListWorksProperly(CatscriptFunctionArgsAndReturnEvalTest.java:94)

[ERROR] objectTypeArgWorksProperly  Time elapsed: 0 s  <<< ERROR!
java.lang.NullPointerException: Cannot assign field "parent" because "element" is null
	at edu.montana.csci.csci468.eval.CatscriptFunctionArgsAndReturnEvalTest.objectTypeArgWorksProperly(CatscriptFunctionArgsAndReturnEvalTest.java:26)

[ERROR] voidFunctionWorksProperly  Time elapsed: 0.001 s  <<< ERROR!
java.lang.NullPointerException: Cannot assign field "parent" because "element" is null
	at edu.montana.csci.csci468.eval.CatscriptFunctionArgsAndReturnEvalTest.voidFunctionWorksProperly(CatscriptFunctionArgsAndReturnEvalTest.java:12)

[ERROR] listTypeArgWorksProperly  Time elapsed: 0 s  <<< ERROR!
java.lang.NullPointerException: Cannot assign field "parent" because "element" is null
	at edu.montana.csci.csci468.eval.CatscriptFunctionArgsAndReturnEvalTest.listTypeArgWorksProperly(CatscriptFunctionArgsAndReturnEvalTest.java:50)

[ERROR] intTypeArgWorksProperly  Time elapsed: 0 s  <<< ERROR!
java.lang.NullPointerException: Cannot assign field "parent" because "element" is null
	at edu.montana.csci.csci468.eval.CatscriptFunctionArgsAndReturnEvalTest.intTypeArgWorksProperly(CatscriptFunctionArgsAndReturnEvalTest.java:32)

[ERROR] booleanTypeArgWorksProperly  Time elapsed: 0.001 s  <<< ERROR!
java.lang.NullPointerException: Cannot assign field "parent" because "element" is null
	at edu.montana.csci.csci468.eval.CatscriptFunctionArgsAndReturnEvalTest.booleanTypeArgWorksProperly(CatscriptFunctionArgsAndReturnEvalTest.java:38)

[ERROR] returnIntWorksProperly  Time elapsed: 0 s  <<< ERROR!
edu.montana.csci.csci468.parser.ParseErrorException: 
Parse Errors Occurred:

Line 1:function foo() : int { return 1 }print(foo())
                                                   ^

Error: Unexpected Token

Line 1:function foo() : int { return 1 }print(foo())
                                    ^

Error: Unexpected Token


	at edu.montana.csci.csci468.eval.CatscriptFunctionArgsAndReturnEvalTest.returnIntWorksProperly(CatscriptFunctionArgsAndReturnEvalTest.java:82)

[INFO] 
[INFO] Results:
[INFO] 
[ERROR] Failures: 
[ERROR]   CatscriptParserTypeCheckingTest.assignmentTypeError:55 expected: <Incompatible types> but was: <This symbol is not defined>
[ERROR]   CatscriptParserTypeCheckingTest.typeInferenceWorksForVars:45 expected: <int> but was: <null>
[ERROR] Errors: 
[ERROR]   CatscriptBasicExpressionEvalTest.additiveStringExpressionEvaluatesProperly:45->CatscriptTestBase.evaluateExpression:96 » NullPointer
[ERROR]   CatscriptBasicExpressionEvalTest.parenthesizedExpressionEvaluatesProperly:78->CatscriptTestBase.evaluateExpression:95 » ParseError
[ERROR]   CatscriptFunctionArgsAndReturnEvalTest.booleanTypeArgWorksProperly:38->CatscriptTestBase.executeProgram:101 » NullPointer
[ERROR]   CatscriptFunctionArgsAndReturnEvalTest.intTypeArgWorksProperly:32->CatscriptTestBase.executeProgram:101 » NullPointer
[ERROR]   CatscriptFunctionArgsAndReturnEvalTest.listTypeArgWorksProperly:50->CatscriptTestBase.executeProgram:101 » NullPointer
[ERROR]   CatscriptFunctionArgsAndReturnEvalTest.listTypeWithComponentTypeArgWorksProperly:56->CatscriptTestBase.executeProgram:101 » NullPointer
[ERROR]   CatscriptFunctionArgsAndReturnEvalTest.mutliArgumentFunctionsWork:62->CatscriptTestBase.executeProgram:101 » NullPointer
[ERROR]   CatscriptFunctionArgsAndReturnEvalTest.noTypeArgWorksProperly:20->CatscriptTestBase.executeProgram:101 » NullPointer
[ERROR]   CatscriptFunctionArgsAndReturnEvalTest.objectTypeArgWorksProperly:26->CatscriptTestBase.executeProgram:101 » NullPointer
[ERROR]   CatscriptFunctionArgsAndReturnEvalTest.returnBoolWorksProperly:88->CatscriptTestBase.executeProgram:102 » ParseError
[ERROR]   CatscriptFunctionArgsAndReturnEvalTest.returnIntWorksProperly:82->CatscriptTestBase.executeProgram:102 » ParseError
[ERROR]   CatscriptFunctionArgsAndReturnEvalTest.returnListWithComponentTypeWorksProperly:101->CatscriptTestBase.executeProgram:102 » ParseError
[ERROR]   CatscriptFunctionArgsAndReturnEvalTest.returnListWorksProperly:94->CatscriptTestBase.executeProgram:102 » ParseError
[ERROR]   CatscriptFunctionArgsAndReturnEvalTest.returnObjectWorksProperly:72->CatscriptTestBase.executeProgram:102 » ParseError
[ERROR]   CatscriptFunctionArgsAndReturnEvalTest.stringTypeArgWorksProperly:44->CatscriptTestBase.executeProgram:101 » NullPointer
[ERROR]   CatscriptFunctionArgsAndReturnEvalTest.voidFunctionWorksProperly:12->CatscriptTestBase.executeProgram:101 » NullPointer
[ERROR]   CatscriptStatementExecutionTest.forStatementWorksProperly:61->CatscriptTestBase.executeProgram:103 » UnsupportedOperation
[ERROR]   CatscriptStatementExecutionTest.functionDeclarationWorksProperly:66->CatscriptTestBase.executeProgram:101 » NullPointer
[ERROR]   CatscriptStatementExecutionTest.ifStatementWorksProperly:24->CatscriptTestBase.executeProgram:103 » UnsupportedOperation
[ERROR]   CatscriptStatementExecutionTest.localVarStatementsWorkProperly:43->CatscriptTestBase.executeProgram:102 » ParseError
[ERROR]   CatscriptStatementExecutionTest.recursiveFunctionWorksProperly:75->CatscriptTestBase.executeProgram:101 » NullPointer
[ERROR]   CatscriptStatementExecutionTest.returnStatementWorks:88->CatscriptTestBase.executeProgram:102 » ParseError
[ERROR]   CatscriptStatementExecutionTest.varInsideFunctionWorksProperly:51->CatscriptTestBase.executeProgram:102 » NullPointer
[ERROR]   CatscriptStatementExecutionTest.varStatementWorksProperly:32->CatscriptTestBase.executeProgram:102 » ParseError
[ERROR]   CatscriptParserStatementsTest.functionCallStatement:136->CatscriptTestBase.parseStatement:45->CatscriptTestBase.parseStatement:54 » NullPointer
[ERROR]   CatscriptParserStatementsTest.returnStatementExprInFunction:189->CatscriptTestBase.parseStatement:41->CatscriptTestBase.parseStatement:45->CatscriptTestBase.parseStatement:56 » ParseError
[ERROR]   CatscriptParserStatementsTest.returnStatementNoExprInFunction:180->CatscriptTestBase.parseStatement:41->CatscriptTestBase.parseStatement:45->CatscriptTestBase.parseStatement:56 » ParseError
[ERROR]   CatscriptParserStatementsTest.varStatementWithListType:119->CatscriptTestBase.parseStatement:41->CatscriptTestBase.parseStatement:45->CatscriptTestBase.parseStatement:56 » ParseError
[ERROR]   CatscriptParserSymbolCheckingTest.duplicateVarsErrors:16->CatscriptTestBase.getParseError:86 » IllegalState
[ERROR]   CatscriptParserSymbolCheckingTest.forVarConflict:40->CatscriptTestBase.getParseError:86 » IllegalState
[ERROR]   CatscriptParserSymbolCheckingTest.paramsConflictWithGlobalVars:46->CatscriptTestBase.getParseError:86 » IllegalState
[ERROR]   CatscriptParserTypeCheckingTest.functionCallsWorkProperly:38->CatscriptTestBase.parseStatement:49->CatscriptTestBase.parseStatement:56 » ParseError
[ERROR]   CatscriptParserTypeCheckingTest.identifiersWorkProperly:32->CatscriptTestBase.parseStatement:49->CatscriptTestBase.parseStatement:56 » ParseError
[ERROR]   CatscriptParserTypeCheckingTest.varTypeError:50->CatscriptTestBase.getParseError:86 » IllegalState
[INFO] 
[ERROR] Tests run: 116, Failures: 2, Errors: 34, Skipped: 0
[INFO] 
[INFO] ------------------------------------------------------------------------
[INFO] BUILD FAILURE
[INFO] ------------------------------------------------------------------------
[INFO] Total time:  1.239 s
[INFO] Finished at: 2023-03-27T16:15:05-06:00
[INFO] ------------------------------------------------------------------------
[ERROR] Failed to execute goal org.apache.maven.plugins:maven-surefire-plugin:2.22.1:test (default-test) on project csci-468-spring2022: There are test failures.
[ERROR] 
[ERROR] Please refer to /Users/carson/Projects/msu/csci-468-spring2023/grading/scripts/repos/samuel_ertischek/target/surefire-reports for the individual test results.
[ERROR] Please refer to dump files (if any exist) [date].dump, [date]-jvmRun[N].dump and [date].dumpstream.
[ERROR] -> [Help 1]
[ERROR] 
[ERROR] To see the full stack trace of the errors, re-run Maven with the -e switch.
[ERROR] Re-run Maven using the -X switch to enable full debug logging.
[ERROR] 
[ERROR] For more information about the errors and possible solutions, please read the following articles:
[ERROR] [Help 1] http://cwiki.apache.org/confluence/display/MAVEN/MojoFailureException
